<?xml version="1.0" encoding="UTF-8"?>
<testsuite xmlns:xsi="http://www.w3.org/2001/XMLSchema-instance" xsi:noNamespaceSchemaLocation="https://maven.apache.org/surefire/maven-surefire-plugin/xsd/surefire-test-report-3.0.xsd" version="3.0" name="edu.cop3060.project.controller.AuthControllerTest" time="0.005" tests="2" errors="0" skipped="2" failures="0">
  <properties/>
  <testcase name="login_authenticatesAndReturnsToken" classname="edu.cop3060.project.controller.AuthControllerTest" time="0.0">
    <skipped message="Disabled on Java 25 due to Mockito / ByteBuddy incompatibility."/>
  </testcase>
  <testcase name="register_createsUserAndReturnsToken" classname="edu.cop3060.project.controller.AuthControllerTest" time="0.0">
    <skipped message="Disabled on Java 25 due to Mockito / ByteBuddy incompatibility."/>
  </testcase>
</testsuite>